Arguments: 
  C:\Program Files\nodejs\node.exe C:\Users\gamer\AppData\Roaming\npm\node_modules\yarn\bin\yarn.js android

PATH: 
  C:\Program Files\Common Files\Oracle\Java\javapath;C:\WINDOWS\system32;C:\WINDOWS;C:\WINDOWS\System32\Wbem;C:\WINDOWS\System32\WindowsPowerShell\v1.0\;C:\WINDOWS\System32\OpenSSH\;C:\Program Files (x86)\NVIDIA Corporation\PhysX\Common;G:\matlab\runtime\win64;G:\matlab\bin;C:\Program Files (x86)\Microsoft SQL Server\140\Tools\Binn\;C:\Program Files\Microsoft SQL Server\140\Tools\Binn\;C:\Program Files (x86)\Microsoft SQL Server\140\DTS\Binn\;C:\Program Files\Microsoft SQL Server\140\DTS\Binn\;C:\Program Files\Microsoft SQL Server\Client SDK\ODBC\130\Tools\Binn\;C:\Program Files\Git\cmd;C:\Program Files\Cloudflare\Cloudflare WARP;C:\Program Files\NVIDIA Corporation\NVIDIA NvDLISR;C:\Program Files\nodejs\;C:\Users\gamer\AppData\Local\Android\Sdk\tools;C:\Users\gamer\AppData\Local\Microsoft\WindowsApps;C:\Program Files\JetBrains\IntelliJ IDEA Community Edition 2021.3.1\bin;;C:\msys64\mingw64\bin;C:\Users\gamer\AppData\Local\Programs\Microsoft VS Code\bin;C:\Users\gamer\AppData\Roaming\npm;C:\Users\gamer\AppData\Local\Android\Sdk\platform-tools;

Yarn version: 
  1.22.19

Node version: 
  16.16.0

Platform: 
  win32 x64

Trace: 
  SyntaxError: E:\ReactNativeApp2022\Shoeshop-App-master\package.json: Unexpected token , in JSON at position 1047
      at JSON.parse (<anonymous>)
      at C:\Users\gamer\AppData\Roaming\npm\node_modules\yarn\lib\cli.js:1629:59
      at Generator.next (<anonymous>)
      at step (C:\Users\gamer\AppData\Roaming\npm\node_modules\yarn\lib\cli.js:310:30)
      at C:\Users\gamer\AppData\Roaming\npm\node_modules\yarn\lib\cli.js:321:13

npm manifest: 
  {
      "name": "shoeshop-app",
      "version": "1.0.0",
      "icon": "./assets/logo22.png",
      "main": "node_modules/expo/AppEntry.js",
   
      
   
    "scripts": {
      "start": "expo start",
      "android": "expo start --android",
      "ios": "expo start --ios",
      "web": "expo start --web",
      "eject": "expo eject"
    },
    "dependencies": {
      "@react-navigation/bottom-tabs": "^6.3.1",
      "@react-navigation/native": "^6.0.10",
      "@react-navigation/native-stack": "^6.6.2",
      "expo": "~45.0.0",
      "expo-status-bar": "~1.3.0",
      "native-base": "^3.4.7",
      "react": "17.0.2",
      "react-dom": "17.0.2",
      "react-native": "0.68.2",
      "react-native-numeric-input": "^1.9.1",
      "react-native-pager-view": "^5.4.15",
      "react-native-safe-area-context": "^4.2.4",
      "react-native-screens": "^3.11.1",
      "react-native-svg": "^12.3.0",
      "react-native-swipe-list-view": "^3.2.9",
      "react-native-tab-view": "^3.1.1",
      "react-native-web": "0.17.7"
    },
    "devDependencies": {
      "@babel/core": "^7.12.9"
    },
    "private": true
  },

yarn manifest: 
  No manifest

Lockfile: 
  No lockfile
